Ansys Lumerical 2022 R1.4 FDTD Solver Version 8.27.3044 (Linux 64bit)
 expires (month/day/year): 5/2/2023
using config file: Ansys Licensing set with ANSYSLMD_LICENSE_FILE
license host: 1055@10.75.13.24
current time: Thu Oct 20 21:44:07 2022
Running on host: fotonica05-System-Product-Name
host available memory (GB): 31.781921
All processes are communicating and ready to proceed to simulation...
Running fsp file: /opt/lumerical/v221/bin/fdtd-engine-mpich2nem -t 1 -remote -shared-solve-license QU5TWVNDTF9DT05URVhUX0RBVEE9PEFOU1lTQ0xfQ09OVEVYVF9EQVRBPjxJRD4xYzNlNzc3ZC0zMTMzLTQ2NDAtOTViNC02YjdkNTk5NTJjMjA8L0lEPjxUWVBFPkFQUF9ERUZJTkVEPC9UWVBFPjxOQU1FPmx1bV9zdGFuZGFyZF9zb2x2ZV9zaGFyZTwvTkFNRT48SEFORExFUj4zODAxNUBmb3RvbmljYTA1LVN5c3RlbS1Qcm9kdWN0LU5hbWU8L0hBTkRMRVI+PC9BTlNZU0NMX0NPTlRFWFRfREFUQT4KQU5TWVNfQ09OVEVYVF9JRD0xYzNlNzc3ZC0zMTMzLTQ2NDAtOTViNC02YjdkNTk5NTJjMjAKQU5TWVNfQ09OVEVYVF9TRVJWRVI9MzgwMTVAZm90b25pY2EwNS1TeXN0ZW0tUHJvZHVjdC1OYW1lCg== /media/lucas/datam01/LucasLObo/Bragg-Gratings/simulations/bragg_FDTD.fsp
Starting meshing
Simulation size in gridpoints: 1 x 32 x 44
Refined 0 mesh cells (0%)
Completed meshing!
Meshing complete in 0.002151 seconds of CPU time
Starting meshing
Simulation size in gridpoints: 1 x 32 x 44
Refined 0 mesh cells (0%)
Completed meshing!
Meshing complete in 0.001606 seconds of CPU time
Starting meshing
Simulation size in gridpoints: 1 x 32 x 44
Refined 0 mesh cells (0%)
Completed meshing!
Meshing complete in 0.001937 seconds of CPU time
Starting meshing
Simulation size in gridpoints: 1 x 32 x 44
Refined 0 mesh cells (0%)
Completed meshing!
Meshing complete in 0.002077 seconds of CPU time
Starting meshing
Simulation size in gridpoints: 1 x 32 x 44
Refined 0 mesh cells (0%)
Completed meshing!
Meshing complete in 0.001634 seconds of CPU time
Starting meshing
Simulation size in gridpoints: 1 x 32 x 44
Refined 0 mesh cells (0%)
Completed meshing!
Meshing complete in 0.001837 seconds of CPU time
left is a duplicate key.
bottom is a duplicate key.
z1 is a duplicate key.
z2 is a duplicate key.
Nx is a duplicate key.
Ny is a duplicate key.
Nz is a duplicate key.
number of processors is 8
processors are distributed as: 8x1x1
Running 3D Simulation
Starting meshing
Simulation size in gridpoints: 106 x 44 x 66
Refined 0 mesh cells (0%)
Completed meshing!
Meshing complete in 0.124176 seconds of CPU time
10464 10464
Starting meshing
Simulation size in gridpoints: 106 x 44 x 66
Refined 0 mesh cells (0%)
Completed meshing!
Meshing complete in 0.117407 seconds of CPU time
10144 10144
Starting meshing
Simulation size in gridpoints: 106 x 44 x 66
Refined 0 mesh cells (0%)
Completed meshing!
Meshing complete in 0.115335 seconds of CPU time
6304 6304
finished material properties
Meshing Time: 0.269018 seconds, Init Electrical Material Time: 0.034323 seconds, Init Magnetic Material Time: 0.000795
Using selected optimization level: 2
Selecting 3d kernel for splitFieldDirection=0 and optLevel=2
-----------------------------------------
Beginning initialization of 3D Simulation
Starting to add sources to simulation
Adding 3D Mode source propagating in X
Using frequency dependent profile
Starting to add boundary conditions to simulation
Adding 3D PML BC
Adding 3D Parallel BC
Adding 3D Anti-Symmetric BC
Adding 3D PML BC
Adding 3D PML BC
Adding 3D PML BC
Starting to add monitors to Simulation
Adding analysis monitor
Adding 3D DFT monitor
Adding 3D DFT monitor
Adding 3D DFT monitor
Finished initialization of 3D Simulation
-----------------------------------------
All processes are communicating and ready to proceed to simulation...
Starting 124769 total iterations
0.0384712% complete. Max time remaining: 40 mins, 5 secs. Auto Shutoff: 1
1.06437% complete. Max time remaining: 42 mins, 19 secs. Auto Shutoff: 1
2.09027% complete. Max time remaining: 40 mins, 58 secs. Auto Shutoff: 1
3.11617% complete. Max time remaining: 40 mins, 17 secs. Auto Shutoff: 0.855754
4.14207% complete. Max time remaining: 39 mins, 46 secs. Auto Shutoff: 0.733126
5.16796% complete. Max time remaining: 39 mins, 14 secs. Auto Shutoff: 0.729347
6.19386% complete. Max time remaining: 38 mins, 45 secs. Auto Shutoff: 0.690541
7.21976% complete. Max time remaining: 38 mins, 20 secs. Auto Shutoff: 0.2835
8.24566% complete. Max time remaining: 37 mins, 54 secs. Auto Shutoff: 0.0618037
9.27156% complete. Max time remaining: 37 mins, 28 secs. Auto Shutoff: 0.0724053
10.2975% complete. Max time remaining: 37 mins, 4 secs. Auto Shutoff: 0.0449057
11.3234% complete. Max time remaining: 36 mins, 38 secs. Auto Shutoff: 0.0368076
12.3493% complete. Max time remaining: 36 mins, 13 secs. Auto Shutoff: 0.0254084
13.3752% complete. Max time remaining: 35 mins, 47 secs. Auto Shutoff: 0.0218505
14.4011% complete. Max time remaining: 35 mins, 22 secs. Auto Shutoff: 0.0200735
15.427% complete. Max time remaining: 34 mins, 56 secs. Auto Shutoff: 0.0128379
16.4528% complete. Max time remaining: 34 mins, 31 secs. Auto Shutoff: 0.0151123
17.4787% complete. Max time remaining: 34 mins, 5 secs. Auto Shutoff: 0.006487
18.5046% complete. Max time remaining: 33 mins, 40 secs. Auto Shutoff: 0.00650504
19.5305% complete. Max time remaining: 33 mins, 15 secs. Auto Shutoff: 0.00477457
20.5564% complete. Max time remaining: 32 mins, 49 secs. Auto Shutoff: 0.00576645
21.5823% complete. Max time remaining: 32 mins, 23 secs. Auto Shutoff: 0.00422408
22.6082% complete. Max time remaining: 31 mins, 59 secs. Auto Shutoff: 0.00358677
23.6341% complete. Max time remaining: 31 mins, 34 secs. Auto Shutoff: 0.00244272
24.66% complete. Max time remaining: 31 mins, 9 secs. Auto Shutoff: 0.0016198
25.6859% complete. Max time remaining: 30 mins, 44 secs. Auto Shutoff: 0.00132272
26.7118% complete. Max time remaining: 30 mins, 18 secs. Auto Shutoff: 0.00114174
27.7377% complete. Max time remaining: 29 mins, 52 secs. Auto Shutoff: 0.00150974
28.7636% complete. Max time remaining: 29 mins, 26 secs. Auto Shutoff: 0.000768364
29.7895% complete. Max time remaining: 29 mins, 1 secs. Auto Shutoff: 0.000749931
30.8154% complete. Max time remaining: 28 mins, 35 secs. Auto Shutoff: 0.000567981
31.8413% complete. Max time remaining: 28 mins, 10 secs. Auto Shutoff: 0.000351767
32.8672% complete. Max time remaining: 27 mins, 44 secs. Auto Shutoff: 0.000434791
33.8931% complete. Max time remaining: 27 mins, 19 secs. Auto Shutoff: 0.000348436
34.919% complete. Max time remaining: 26 mins, 54 secs. Auto Shutoff: 0.000332101
35.9449% complete. Max time remaining: 26 mins, 28 secs. Auto Shutoff: 0.000168724
36.9708% complete. Max time remaining: 26 mins, 3 secs. Auto Shutoff: 0.000174392
37.9967% complete. Max time remaining: 25 mins, 37 secs. Auto Shutoff: 0.000125593
39.0226% complete. Max time remaining: 25 mins, 12 secs. Auto Shutoff: 0.000146117
40.0485% complete. Max time remaining: 24 mins, 46 secs. Auto Shutoff: 8.51979e-05
41.0744% complete. Max time remaining: 24 mins, 21 secs. Auto Shutoff: 9.23879e-05
42.1003% complete. Max time remaining: 23 mins, 56 secs. Auto Shutoff: 7.05203e-05
43.1262% complete. Max time remaining: 23 mins, 30 secs. Auto Shutoff: 4.03277e-05
44.1521% complete. Max time remaining: 23 mins, 5 secs. Auto Shutoff: 4.18804e-05
45.178% complete. Max time remaining: 22 mins, 40 secs. Auto Shutoff: 3.5201e-05
46.2039% complete. Max time remaining: 22 mins, 14 secs. Auto Shutoff: 3.39984e-05
47.2298% complete. Max time remaining: 21 mins, 49 secs. Auto Shutoff: 1.73878e-05
48.2557% complete. Max time remaining: 21 mins, 23 secs. Auto Shutoff: 2.20458e-05
49.2816% complete. Max time remaining: 20 mins, 58 secs. Auto Shutoff: 1.53653e-05
50.3075% complete. Max time remaining: 20 mins, 33 secs. Auto Shutoff: 1.09344e-05
100% complete. Max time remaining: 0 mins, 0 secs. Auto Shutoff: 8.94645e-06
Early termination of simulation, the autoshutoff criteria are satisfied.
Completed 63551 iterations, or 5.093507e-12s of Simulation Time
Process 0 starting to collect data
    collecting monitor data
    collecting source data
Using frequency dependent profile
Finished collecting data
left is a duplicate key.
bottom is a duplicate key.
z1 is a duplicate key.
z2 is a duplicate key.
Nx is a duplicate key.
Ny is a duplicate key.
Nz is a duplicate key.
Simulation completed successfully at: Thu Oct 20 22:05:56 2022
Overall wall time measurements in seconds: 1308.98
    time to mesh and initialize: 1.84935
    time to run FDTD simulation: 1263.34
    time to checkpoint simulation: 1e-06
    time to finalize data and save to files: 42.7932
    miscellaneous time: 0.99169
    FDTD solver speed on process 0: 15.4847 Mnodes/s
    total FDTD solver speed on 8 processes: 123.878 Mnodes/s
